[INFO] ** LOG LEVEL: DEBUG [logger.py](40)[10:20:37]
[INFO] >>> Development [__init__.py](11)[10:20:37]
[INFO] ** LOG LEVEL: DEBUG [logger.py](40)[10:22:23]
[INFO] >>> Development [__init__.py](11)[10:22:23]
[INFO] ** LOG LEVEL: DEBUG [logger.py](40)[10:22:39]
[INFO] >>> Development [__init__.py](11)[10:22:39]
[INFO] ** LOG LEVEL: DEBUG [logger.py](40)[10:23:39]
[INFO] >>> Development [__init__.py](11)[10:23:39]
[INFO] ** LOG LEVEL: DEBUG [logger.py](40)[10:27:32]
[INFO] >>> Development [__init__.py](11)[10:27:32]
[INFO] ** LOG LEVEL: DEBUG [logger.py](40)[10:27:34]
[INFO] >>> Development [__init__.py](11)[10:27:34]
[INFO] ** LOG LEVEL: DEBUG [logger.py](40)[10:27:51]
[INFO] >>> Development [__init__.py](11)[10:27:51]
[INFO] ** LOG LEVEL: DEBUG [logger.py](40)[10:28:03]
[INFO] >>> Development [__init__.py](11)[10:28:03]
[INFO] ** LOG LEVEL: DEBUG [logger.py](40)[10:28:05]
[INFO] >>> Development [__init__.py](11)[10:28:05]
[INFO] ** LOG LEVEL: DEBUG [logger.py](40)[10:28:54]
[INFO] >>> Development [__init__.py](11)[10:28:54]
[INFO] ** LOG LEVEL: DEBUG [logger.py](40)[10:28:59]
[INFO] >>> Development [__init__.py](11)[10:28:59]
[INFO] ** LOG LEVEL: DEBUG [logger.py](40)[10:29:01]
[INFO] >>> Development [__init__.py](11)[10:29:01]
[INFO] ** LOG LEVEL: DEBUG [logger.py](42)[10:29:29]
[INFO] >>> Development [__init__.py](11)[10:29:29]
[INFO] ** LOG LEVEL: DEBUG [logger.py](42)[10:31:27]
[INFO] >>> Development [__init__.py](11)[10:31:27]
[INFO] ** LOG LEVEL: DEBUG [logger.py](42)[10:31:28]
[INFO] >>> Development [__init__.py](11)[10:31:28]
[INFO] ** LOG LEVEL: DEBUG [logger.py](39)[10:36:41]
[INFO] >>> Development [__init__.py](11)[10:36:41]
[INFO]  * Restarting with stat [_internal.py](87)[10:36:42]
[INFO] ** LOG LEVEL: DEBUG [logger.py](39)[10:36:43]
[INFO] >>> Development [__init__.py](11)[10:36:43]
[INFO] ** LOG LEVEL: DEBUG [logger.py](39)[10:36:50]
[INFO] >>> Development [__init__.py](11)[10:36:50]
[DEBUG] Job Received: 780bc051-751c-4177-8d82-5e473b1cb172 [views.py](20)[10:36:52]
[INFO] ** LOG LEVEL: DEBUG [logger.py](39)[10:40:20]
[INFO] >>> Development [__init__.py](11)[10:40:20]
[DEBUG] Job Received: 5411180b-7a87-48a1-bf79-ba0d39fa9324 [views.py](20)[10:40:24]
[DEBUG] Job Received: dab91aee-0758-4d3b-a910-55fe3f10579b [views.py](20)[10:40:38]
[INFO] ** LOG LEVEL: DEBUG [logger.py](39)[10:41:37]
[INFO] >>> Development [__init__.py](11)[10:41:37]
[INFO] ** LOG LEVEL: DEBUG [logger.py](39)[10:41:40]
[INFO] >>> Development [__init__.py](11)[10:41:40]
[INFO] ** LOG LEVEL: DEBUG [logger.py](39)[10:42:22]
[INFO] >>> Development [__init__.py](11)[10:42:22]
[INFO] ** LOG LEVEL: DEBUG [logger.py](39)[10:42:49]
[INFO] >>> Development [__init__.py](11)[10:42:49]
[INFO] ** LOG LEVEL: DEBUG [logger.py](39)[10:43:07]
[INFO] >>> Development [__init__.py](11)[10:43:07]
[INFO] ** LOG LEVEL: DEBUG [logger.py](39)[10:43:29]
[INFO] >>> Development [__init__.py](11)[10:43:29]
[INFO] ** LOG LEVEL: DEBUG [logger.py](39)[10:43:53]
[INFO] >>> Development [__init__.py](11)[10:43:53]
[INFO] ** LOG LEVEL: DEBUG [logger.py](39)[10:44:33]
[INFO] >>> Development [__init__.py](11)[10:44:33]
[INFO] ** LOG LEVEL: DEBUG [logger.py](39)[10:48:03]
[INFO] >>> Development [__init__.py](11)[10:48:03]
